This is pdfTeX, Version 3.14159265-2.6-1.40.17 (MiKTeX 2.9.6210 64-bit) (preloaded format=pdflatex 2017.2.21)  3 APR 2017 20:02
entering extended mode
**./report.tex
(report.tex
LaTeX2e <2017/01/01> patch level 1
Babel <3.9r> and hyphenation patterns for 75 language(s) loaded.
\@input{settings.aux}
\openout2 = `settings.aux'.

(settings.tex
("C:\Users\Alex\AppData\Local\Programs\MiKTeX 2.9\tex\latex\extsizes\extarticle
.cls"
Document Class: extarticle 1996/10/08 v1.0 Non Standard LaTeX document class
("C:\Users\Alex\AppData\Local\Programs\MiKTeX 2.9\tex\latex\base\size12.clo"
File: size12.clo 2014/09/29 v1.4h Standard LaTeX file (size option)
)
("C:\Users\Alex\AppData\Local\Programs\MiKTeX 2.9\tex\latex\base\exscale.sty"
Package: exscale 2014/09/29 v2.1h Standard LaTeX package exscale
LaTeX Font Info:    Redeclaring symbol font `largesymbols' on input line 57.
LaTeX Font Info:    Overwriting symbol font `largesymbols' in version `normal'
(Font)                  OMX/cmex/m/n --> OMX/cmex/m/n on input line 57.
LaTeX Font Info:    Overwriting symbol font `largesymbols' in version `bold'
(Font)                  OMX/cmex/m/n --> OMX/cmex/m/n on input line 57.
\big@size=\dimen102
)
\c@part=\count79
\c@section=\count80
\c@subsection=\count81
\c@subsubsection=\count82
\c@paragraph=\count83
\c@subparagraph=\count84
\c@figure=\count85
\c@table=\count86
\abovecaptionskip=\skip41
\belowcaptionskip=\skip42
\bibindent=\dimen103
) ("C:\Users\Alex\AppData\Local\Programs\MiKTeX 2.9\tex\latex\base\inputenc.sty
"
Package: inputenc 2015/03/17 v1.2c Input encoding file
\inpenc@prehook=\toks14
\inpenc@posthook=\toks15
("C:\Users\Alex\AppData\Local\Programs\MiKTeX 2.9\tex\latex\ucs\utf8x.def"
File: utf8x.def 2004/10/17 UCS: Input encoding UTF-8
))
("C:\Users\Alex\AppData\Local\Programs\MiKTeX 2.9\tex\latex\ucs\ucs.sty"
Package: ucs 2013/05/11 v2.2 UCS: Unicode input support

("C:\Users\Alex\AppData\Local\Programs\MiKTeX 2.9\tex\latex\ucs\uni-global.def"
File: uni-global.def 2013/05/13 UCS: Unicode global data
)
\uc@secondtry=\count87
\uc@combtoks=\toks16
\uc@combtoksb=\toks17
\uc@temptokena=\toks18
) ("C:\Users\Alex\AppData\Local\Programs\MiKTeX 2.9\tex\latex\base\fontenc.sty"
Package: fontenc 2017/01/24 v2.0c Standard LaTeX package
 ("C:\Users\Alex\AppData\Local\Programs\MiKTeX 2.9\tex\latex\base\t1enc.def"
File: t1enc.def 2017/01/24 v2.0c Standard LaTeX file
LaTeX Font Info:    Redeclaring font encoding T1 on input line 48.
)
("C:\Users\Alex\AppData\Local\Programs\MiKTeX 2.9\tex\latex\cyrillic\t2aenc.def
"
File: t2aenc.def 2005/09/27 v1.0i Cyrillic encoding definition file
)
LaTeX Font Info:    Try loading font information for T2A+cmr on input line 105.


("C:\Users\Alex\AppData\Local\Programs\MiKTeX 2.9\tex\latex\cyrillic\t2acmr.fd"
File: t2acmr.fd 2001/08/11 v1.0a Computer Modern Cyrillic font definitions
)) ("C:\Users\Alex\AppData\Local\Programs\MiKTeX 2.9\tex\generic\babel\babel.st
y"
Package: babel 2016/04/23 3.9r The Babel package

*************************************
* Local config file bblopts.cfg used
*
("C:\Users\Alex\AppData\Local\Programs\MiKTeX 2.9\tex\latex\arabi\bblopts.cfg"
File: bblopts.cfg 2005/09/08 v0.1 add Arabic and Farsi to "declared" options of
 babel
)
("C:\Users\Alex\AppData\Local\Programs\MiKTeX 2.9\tex\latex\babel-russian\russi
anb.ldf"
Language: russianb 2017/01/12 1.3i Russian support for the Babel system

("C:\Users\Alex\AppData\Local\Programs\MiKTeX 2.9\tex\generic\babel\babel.def"
File: babel.def 2016/04/23 3.9r Babel common definitions
\babel@savecnt=\count88
\U@D=\dimen104
)
Package babel Info: Making " an active character on input line 111.
))
("C:\Users\Alex\AppData\Local\Programs\MiKTeX 2.9\tex\latex\hyperref\hyperref.s
ty"
Package: hyperref 2016/06/24 v6.83q Hypertext links for LaTeX

("C:\Users\Alex\AppData\Local\Programs\MiKTeX 2.9\tex\generic\oberdiek\hobsub-h
yperref.sty"
Package: hobsub-hyperref 2016/05/16 v1.14 Bundle oberdiek, subset hyperref (HO)


("C:\Users\Alex\AppData\Local\Programs\MiKTeX 2.9\tex\generic\oberdiek\hobsub-g
eneric.sty"
Package: hobsub-generic 2016/05/16 v1.14 Bundle oberdiek, subset generic (HO)
Package: hobsub 2016/05/16 v1.14 Construct package bundles (HO)
Package: infwarerr 2016/05/16 v1.4 Providing info/warning/error messages (HO)
Package: ltxcmds 2016/05/16 v1.23 LaTeX kernel commands for general use (HO)
Package: ifluatex 2016/05/16 v1.4 Provides the ifluatex switch (HO)
Package ifluatex Info: LuaTeX not detected.
Package: ifvtex 2016/05/16 v1.6 Detect VTeX and its facilities (HO)
Package ifvtex Info: VTeX not detected.
Package: intcalc 2016/05/16 v1.2 Expandable calculations with integers (HO)
Package: ifpdf 2016/05/14 v3.1 Provides the ifpdf switch
Package: etexcmds 2016/05/16 v1.6 Avoid name clashes with e-TeX commands (HO)
Package etexcmds Info: Could not find \expanded.
(etexcmds)             That can mean that you are not using pdfTeX 1.50 or
(etexcmds)             that some package has redefined \expanded.
(etexcmds)             In the latter case, load this package earlier.
Package: kvsetkeys 2016/05/16 v1.17 Key value parser (HO)
Package: kvdefinekeys 2016/05/16 v1.4 Define keys (HO)
Package: pdftexcmds 2016/05/21 v0.22 Utility functions of pdfTeX for LuaTeX (HO
)
Package pdftexcmds Info: LuaTeX not detected.
Package pdftexcmds Info: \pdf@primitive is available.
Package pdftexcmds Info: \pdf@ifprimitive is available.
Package pdftexcmds Info: \pdfdraftmode found.
Package: pdfescape 2016/05/16 v1.14 Implements pdfTeX's escape features (HO)
Package: bigintcalc 2016/05/16 v1.4 Expandable calculations on big integers (HO
)
Package: bitset 2016/05/16 v1.2 Handle bit-vector datatype (HO)
Package: uniquecounter 2016/05/16 v1.3 Provide unlimited unique counter (HO)
)
Package hobsub Info: Skipping package `hobsub' (already loaded).
Package: letltxmacro 2016/05/16 v1.5 Let assignment for LaTeX macros (HO)
Package: hopatch 2016/05/16 v1.3 Wrapper for package hooks (HO)
Package: xcolor-patch 2016/05/16 xcolor patch
Package: atveryend 2016/05/16 v1.9 Hooks at the very end of document (HO)
Package atveryend Info: \enddocument detected (standard20110627).
Package: atbegshi 2016/06/09 v1.18 At begin shipout hook (HO)
Package: refcount 2016/05/16 v3.5 Data extraction from label references (HO)
Package: hycolor 2016/05/16 v1.8 Color options for hyperref/bookmark (HO)
)
("C:\Users\Alex\AppData\Local\Programs\MiKTeX 2.9\tex\latex\graphics\keyval.sty
"
Package: keyval 2014/10/28 v1.15 key=value parser (DPC)
\KV@toks@=\toks19
)
("C:\Users\Alex\AppData\Local\Programs\MiKTeX 2.9\tex\generic\ifxetex\ifxetex.s
ty"
Package: ifxetex 2010/09/12 v0.6 Provides ifxetex conditional
)
("C:\Users\Alex\AppData\Local\Programs\MiKTeX 2.9\tex\latex\oberdiek\auxhook.st
y"
Package: auxhook 2016/05/16 v1.4 Hooks for auxiliary files (HO)
)
("C:\Users\Alex\AppData\Local\Programs\MiKTeX 2.9\tex\latex\oberdiek\kvoptions.
sty"
Package: kvoptions 2016/05/16 v3.12 Key value format for package options (HO)
)
\@linkdim=\dimen105
\Hy@linkcounter=\count89
\Hy@pagecounter=\count90

("C:\Users\Alex\AppData\Local\Programs\MiKTeX 2.9\tex\latex\hyperref\pd1enc.def
"
File: pd1enc.def 2016/06/24 v6.83q Hyperref: PDFDocEncoding definition (HO)
)
\Hy@SavedSpaceFactor=\count91
Package hyperref Info: Option `unicode' set `true' on input line 3453.

("C:\Users\Alex\AppData\Local\Programs\MiKTeX 2.9\tex\latex\hyperref\puenc.def"
File: puenc.def 2016/06/24 v6.83q Hyperref: PDF Unicode definition (HO)
)
("C:\Users\Alex\AppData\Local\Programs\MiKTeX 2.9\tex\latex\00miktex\hyperref.c
fg"
File: hyperref.cfg 2002/06/06 v1.2 hyperref configuration of TeXLive
)
Package hyperref Info: Hyper figures OFF on input line 4486.
Package hyperref Info: Link nesting OFF on input line 4491.
Package hyperref Info: Hyper index ON on input line 4494.
Package hyperref Info: Plain pages OFF on input line 4501.
Package hyperref Info: Backreferencing OFF on input line 4506.
Package hyperref Info: Implicit mode ON; LaTeX internals redefined.
Package hyperref Info: Bookmarks ON on input line 4735.
\c@Hy@tempcnt=\count92
 ("C:\Users\Alex\AppData\Local\Programs\MiKTeX 2.9\tex\latex\url\url.sty"
\Urlmuskip=\muskip10
Package: url 2013/09/16  ver 3.4  Verb mode for urls, etc.
)
LaTeX Info: Redefining \url on input line 5088.
\XeTeXLinkMargin=\dimen106
\Fld@menulength=\count93
\Field@Width=\dimen107
\Fld@charsize=\dimen108
Package hyperref Info: Hyper figures OFF on input line 6342.
Package hyperref Info: Link nesting OFF on input line 6347.
Package hyperref Info: Hyper index ON on input line 6350.
Package hyperref Info: backreferencing OFF on input line 6357.
Package hyperref Info: Link coloring OFF on input line 6362.
Package hyperref Info: Link coloring with OCG OFF on input line 6367.
Package hyperref Info: PDF/A mode OFF on input line 6372.
LaTeX Info: Redefining \ref on input line 6412.
LaTeX Info: Redefining \pageref on input line 6416.
\Hy@abspage=\count94
\c@Item=\count95
\c@Hfootnote=\count96
)

Package hyperref Message: Driver (autodetected): hpdftex.


("C:\Users\Alex\AppData\Local\Programs\MiKTeX 2.9\tex\latex\hyperref\hpdftex.de
f"
File: hpdftex.def 2016/06/24 v6.83q Hyperref driver for pdfTeX
\Fld@listcount=\count97
\c@bookmark@seq@number=\count98

("C:\Users\Alex\AppData\Local\Programs\MiKTeX 2.9\tex\latex\oberdiek\rerunfilec
heck.sty"
Package: rerunfilecheck 2016/05/16 v1.8 Rerun checks for auxiliary files (HO)
Package uniquecounter Info: New unique counter `rerunfilecheck' on input line 2
82.
)
\Hy@SectionHShift=\skip43
)
("C:\Users\Alex\AppData\Local\Programs\MiKTeX 2.9\tex\latex\tools\indentfirst.s
ty"
Package: indentfirst 1995/11/23 v1.03 Indent first paragraph (DPC)
)
("C:\Users\Alex\AppData\Local\Programs\MiKTeX 2.9\tex\latex\listings\listings.s
ty"
\lst@mode=\count99
\lst@gtempboxa=\box26
\lst@token=\toks20
\lst@length=\count100
\lst@currlwidth=\dimen109
\lst@column=\count101
\lst@pos=\count102
\lst@lostspace=\dimen110
\lst@width=\dimen111
\lst@newlines=\count103
\lst@lineno=\count104
\lst@maxwidth=\dimen112

("C:\Users\Alex\AppData\Local\Programs\MiKTeX 2.9\tex\latex\listings\lstmisc.st
y"
File: lstmisc.sty 2015/06/04 1.6 (Carsten Heinz)
\c@lstnumber=\count105
\lst@skipnumbers=\count106
\lst@framebox=\box27
)
("C:\Users\Alex\AppData\Local\Programs\MiKTeX 2.9\tex\latex\listings\listings.c
fg"
File: listings.cfg 2015/06/04 1.6 listings configuration
))
Package: listings 2015/06/04 1.6 (Carsten Heinz)

("C:\Users\Alex\AppData\Local\Programs\MiKTeX 2.9\tex\latex\graphics\color.sty"
Package: color 2016/07/10 v1.1e Standard LaTeX Color (DPC)

("C:\Users\Alex\AppData\Local\Programs\MiKTeX 2.9\tex\latex\graphics-cfg\color.
cfg"
File: color.cfg 2016/01/02 v1.6 sample color configuration
)
Package color Info: Driver file: pdftex.def on input line 147.

("C:\Users\Alex\AppData\Local\Programs\MiKTeX 2.9\tex\latex\graphics-def\pdftex
.def"
File: pdftex.def 2017/01/12 v0.06k Graphics/color for pdfTeX
\Gread@gobject=\count107
))
("C:\Users\Alex\AppData\Local\Programs\MiKTeX 2.9\tex\latex\ltxmisc\here.sty")
("C:\Users\Alex\AppData\Local\Programs\MiKTeX 2.9\tex\latex\tools\array.sty"
Package: array 2016/10/06 v2.4d Tabular extension package (FMi)
\col@sep=\dimen113
\extrarowheight=\dimen114
\NC@list=\toks21
\extratabsurround=\skip44
\backup@length=\skip45
)
("C:\Users\Alex\AppData\Local\Programs\MiKTeX 2.9\tex\latex\multirow\multirow.s
ty"
Package: multirow 2016/11/25 v2.2 Span multiple rows of a table
\multirow@colwidth=\skip46
\multirow@cntb=\count108
\multirow@dima=\skip47
\bigstrutjot=\dimen115
)
("C:\Users\Alex\AppData\Local\Programs\MiKTeX 2.9\tex\latex\graphics\graphicx.s
ty"
Package: graphicx 2014/10/28 v1.0g Enhanced LaTeX Graphics (DPC,SPQR)

("C:\Users\Alex\AppData\Local\Programs\MiKTeX 2.9\tex\latex\graphics\graphics.s
ty"
Package: graphics 2016/10/09 v1.0u Standard LaTeX Graphics (DPC,SPQR)

("C:\Users\Alex\AppData\Local\Programs\MiKTeX 2.9\tex\latex\graphics\trig.sty"
Package: trig 2016/01/03 v1.10 sin cos tan (DPC)
)
("C:\Users\Alex\AppData\Local\Programs\MiKTeX 2.9\tex\latex\graphics-cfg\graphi
cs.cfg"
File: graphics.cfg 2016/06/04 v1.11 sample graphics configuration
)
Package graphics Info: Driver file: pdftex.def on input line 99.
)
\Gin@req@height=\dimen116
\Gin@req@width=\dimen117
)
("C:\Users\Alex\AppData\Local\Programs\MiKTeX 2.9\tex\latex\amsmath\amsmath.sty
"
Package: amsmath 2016/11/05 v2.16a AMS math features
\@mathmargin=\skip48

For additional information on amsmath, use the `?' option.
("C:\Users\Alex\AppData\Local\Programs\MiKTeX 2.9\tex\latex\amsmath\amstext.sty
"
Package: amstext 2000/06/29 v2.01 AMS text
 ("C:\Users\Alex\AppData\Local\Programs\MiKTeX 2.9\tex\latex\amsmath\amsgen.sty
"
File: amsgen.sty 1999/11/30 v2.0 generic functions
\@emptytoks=\toks22
\ex@=\dimen118
))
("C:\Users\Alex\AppData\Local\Programs\MiKTeX 2.9\tex\latex\amsmath\amsbsy.sty"
Package: amsbsy 1999/11/29 v1.2d Bold Symbols
\pmbraise@=\dimen119
) ("C:\Users\Alex\AppData\Local\Programs\MiKTeX 2.9\tex\latex\amsmath\amsopn.st
y"
Package: amsopn 2016/03/08 v2.02 operator names
)
\inf@bad=\count109
LaTeX Info: Redefining \frac on input line 213.
\uproot@=\count110
\leftroot@=\count111
LaTeX Info: Redefining \overline on input line 375.
\classnum@=\count112
\DOTSCASE@=\count113
LaTeX Info: Redefining \ldots on input line 472.
LaTeX Info: Redefining \dots on input line 475.
LaTeX Info: Redefining \cdots on input line 596.
\Mathstrutbox@=\box28
\strutbox@=\box29
\big@size=\dimen120
LaTeX Font Info:    Redeclaring font encoding OML on input line 712.
LaTeX Font Info:    Redeclaring font encoding OMS on input line 713.
\macc@depth=\count114
\c@MaxMatrixCols=\count115
\dotsspace@=\muskip11
\c@parentequation=\count116
\dspbrk@lvl=\count117
\tag@help=\toks23
\row@=\count118
\column@=\count119
\maxfields@=\count120
\andhelp@=\toks24
\eqnshift@=\dimen121
\alignsep@=\dimen122
\tagshift@=\dimen123
\tagwidth@=\dimen124
\totwidth@=\dimen125
\lineht@=\dimen126
\@envbody=\toks25
\multlinegap=\skip49
\multlinetaggap=\skip50
\mathdisplay@stack=\toks26
LaTeX Info: Redefining \[ on input line 2817.
LaTeX Info: Redefining \] on input line 2818.
)
("C:\Users\Alex\AppData\Local\Programs\MiKTeX 2.9\tex\latex\amsfonts\amssymb.st
y"
Package: amssymb 2013/01/14 v3.01 AMS font symbols

("C:\Users\Alex\AppData\Local\Programs\MiKTeX 2.9\tex\latex\amsfonts\amsfonts.s
ty"
Package: amsfonts 2013/01/14 v3.01 Basic AMSFonts support
\symAMSa=\mathgroup4
\symAMSb=\mathgroup5
LaTeX Font Info:    Overwriting math alphabet `\mathfrak' in version `bold'
(Font)                  U/euf/m/n --> U/euf/b/n on input line 106.
))
("C:\Users\Alex\AppData\Local\Programs\MiKTeX 2.9\tex\latex\caption\caption.sty
"
Package: caption 2016/02/21 v3.3-144 Customizing captions (AR)

("C:\Users\Alex\AppData\Local\Programs\MiKTeX 2.9\tex\latex\caption\caption3.st
y"
Package: caption3 2016/05/22 v1.7-166 caption3 kernel (AR)
Package caption3 Info: TeX engine: e-TeX on input line 67.
\captionmargin=\dimen127
\captionmargin@=\dimen128
\captionwidth=\dimen129
\caption@tempdima=\dimen130
\caption@indent=\dimen131
\caption@parindent=\dimen132
\caption@hangindent=\dimen133
)
\c@ContinuedFloat=\count121
Package caption Info: hyperref package is loaded.
Package caption Info: listings package is loaded.
)
("C:\Users\Alex\AppData\Local\Programs\MiKTeX 2.9\tex\latex\listings\lstlang1.s
ty"
File: lstlang1.sty 2015/06/04 1.6 listings language file
)
("C:\Users\Alex\AppData\Local\Programs\MiKTeX 2.9\tex\latex\listings\lstmisc.st
y"
File: lstmisc.sty 2015/06/04 1.6 (Carsten Heinz)
)
("C:\Users\Alex\AppData\Local\Programs\MiKTeX 2.9\tex\latex\geometry\geometry.s
ty"
Package: geometry 2010/09/12 v5.6 Page Geometry
\Gm@cnth=\count122
\Gm@cntv=\count123
\c@Gm@tempcnt=\count124
\Gm@bindingoffset=\dimen134
\Gm@wd@mp=\dimen135
\Gm@odd@mp=\dimen136
\Gm@even@mp=\dimen137
\Gm@layoutwidth=\dimen138
\Gm@layoutheight=\dimen139
\Gm@layouthoffset=\dimen140
\Gm@layoutvoffset=\dimen141
\Gm@dimlist=\toks27

("C:\Users\Alex\AppData\Local\Programs\MiKTeX 2.9\tex\latex\geometry\geometry.c
fg"))
("C:\Users\Alex\AppData\Local\Programs\MiKTeX 2.9\tex\latex\chngcntr\chngcntr.s
ty"
Package: chngcntr 2009/09/02 v1.0a change counter resetting
)
("C:\Users\Alex\AppData\Local\Programs\MiKTeX 2.9\tex\latex\titlesec\titlesec.s
ty"
Package: titlesec 2016/03/21 v2.10.2 Sectioning titles
\ttl@box=\box30
\beforetitleunit=\skip51
\aftertitleunit=\skip52
\ttl@plus=\dimen142
\ttl@minus=\dimen143
\ttl@toksa=\toks28
\titlewidth=\dimen144
\titlewidthlast=\dimen145
\titlewidthfirst=\dimen146
)
("C:\Users\Alex\AppData\Local\Programs\MiKTeX 2.9\tex\latex\titlesec\titletoc.s
ty"
Package: titletoc 2011/12/15 v1.6 TOC entries
\ttl@leftsep=\dimen147
)) (report.aux (titlepage.aux) (ToC.aux))
\openout1 = `report.aux'.

LaTeX Font Info:    Checking defaults for OML/cmm/m/it on input line 5.
LaTeX Font Info:    ... okay on input line 5.
LaTeX Font Info:    Checking defaults for T1/cmr/m/n on input line 5.
LaTeX Font Info:    ... okay on input line 5.
LaTeX Font Info:    Checking defaults for OT1/cmr/m/n on input line 5.
LaTeX Font Info:    ... okay on input line 5.
LaTeX Font Info:    Checking defaults for OMS/cmsy/m/n on input line 5.
LaTeX Font Info:    ... okay on input line 5.
LaTeX Font Info:    Checking defaults for OMX/cmex/m/n on input line 5.
LaTeX Font Info:    ... okay on input line 5.
LaTeX Font Info:    Checking defaults for U/cmr/m/n on input line 5.
LaTeX Font Info:    ... okay on input line 5.
LaTeX Font Info:    Checking defaults for T2A/cmr/m/n on input line 5.
LaTeX Font Info:    ... okay on input line 5.
LaTeX Font Info:    Checking defaults for PD1/pdf/m/n on input line 5.
LaTeX Font Info:    ... okay on input line 5.
LaTeX Font Info:    Checking defaults for PU/pdf/m/n on input line 5.
LaTeX Font Info:    ... okay on input line 5.

("C:\Users\Alex\AppData\Local\Programs\MiKTeX 2.9\tex\latex\ucs\ucsencs.def"
File: ucsencs.def 2011/01/21 Fixes to fontencodings LGR, T3
)
\AtBeginShipoutBox=\box31
Package hyperref Info: Link coloring OFF on input line 5.

("C:\Users\Alex\AppData\Local\Programs\MiKTeX 2.9\tex\latex\hyperref\nameref.st
y"
Package: nameref 2016/05/21 v2.44 Cross-referencing by name of section

("C:\Users\Alex\AppData\Local\Programs\MiKTeX 2.9\tex\generic\oberdiek\gettitle
string.sty"
Package: gettitlestring 2016/05/16 v1.5 Cleanup title references (HO)
)
\c@section@level=\count125
)
LaTeX Info: Redefining \ref on input line 5.
LaTeX Info: Redefining \pageref on input line 5.
LaTeX Info: Redefining \nameref on input line 5.
 (report.out) (report.out)
\@outlinefile=\write3
\openout3 = `report.out'.

\c@lstlisting=\count126

("C:\Users\Alex\AppData\Local\Programs\MiKTeX 2.9\tex\context\base\supp-pdf.mki
i"
[Loading MPS to PDF converter (version 2006.09.02).]
\scratchcounter=\count127
\scratchdimen=\dimen148
\scratchbox=\box32
\nofMPsegments=\count128
\nofMParguments=\count129
\everyMPshowfont=\toks29
\MPscratchCnt=\count130
\MPscratchDim=\dimen149
\MPnumerator=\count131
\makeMPintoPDFobject=\count132
\everyMPtoPDFconversion=\toks30
)
("C:\Users\Alex\AppData\Local\Programs\MiKTeX 2.9\tex\latex\oberdiek\epstopdf-b
ase.sty"
Package: epstopdf-base 2016/05/15 v2.6 Base part for package epstopdf

("C:\Users\Alex\AppData\Local\Programs\MiKTeX 2.9\tex\latex\oberdiek\grfext.sty
"
Package: grfext 2016/05/16 v1.2 Manage graphics extensions (HO)
)
Package epstopdf-base Info: Redefining graphics rule for `.eps' on input line 4
38.
Package grfext Info: Graphics extension search list:
(grfext)             [.png,.pdf,.jpg,.mps,.jpeg,.jbig2,.jb2,.PNG,.PDF,.JPG,.JPE
G,.JBIG2,.JB2,.eps]
(grfext)             \AppendGraphicsExtensions on input line 456.
)
Package caption Info: Begin \AtBeginDocument code.
Package caption Info: End \AtBeginDocument code.

*geometry* driver: auto-detecting
*geometry* detected driver: pdftex
*geometry* verbose mode - [ preamble ] result:
* driver: pdftex
* paper: a4paper
* layout: <same size as paper>
* layoutoffset:(h,v)=(0.0pt,0.0pt)
* modes: 
* h-part:(L,W,R)=(56.9055pt, 483.69687pt, 56.9055pt)
* v-part:(T,H,B)=(56.9055pt, 731.23584pt, 56.9055pt)
* \paperwidth=597.50787pt
* \paperheight=845.04684pt
* \textwidth=483.69687pt
* \textheight=731.23584pt
* \oddsidemargin=-15.36449pt
* \evensidemargin=-15.36449pt
* \topmargin=-52.36449pt
* \headheight=12.0pt
* \headsep=25.0pt
* \topskip=12.0pt
* \footskip=30.0pt
* \marginparwidth=35.0pt
* \marginparsep=10.0pt
* \columnsep=10.0pt
* \skip\footins=10.8pt plus 4.0pt minus 2.0pt
* \hoffset=0.0pt
* \voffset=0.0pt
* \mag=1000
* \@twocolumnfalse
* \@twosidefalse
* \@mparswitchfalse
* \@reversemarginfalse
* (1in=72.27pt=25.4mm, 1cm=28.453pt)

\openout2 = `titlepage.aux'.

(titlepage.tex
("C:\Users\Alex\AppData\Local\Programs\MiKTeX 2.9\tex\latex\ucs\uni-4.def"
File: uni-4.def 2013/05/13 UCS: Unicode data U+0400..U+04FF
)
("C:\Users\Alex\AppData\Local\Programs\MiKTeX 2.9\tex\latex\ucs\uni-33.def"
File: uni-33.def 2013/05/13 UCS: Unicode data U+2100..U+21FF
)
LaTeX Font Info:    Try loading font information for U+msa on input line 29.

("C:\Users\Alex\AppData\Local\Programs\MiKTeX 2.9\tex\latex\amsfonts\umsa.fd"
File: umsa.fd 2013/01/14 v3.01 AMS symbols A
)
LaTeX Font Info:    Try loading font information for U+msb on input line 29.

("C:\Users\Alex\AppData\Local\Programs\MiKTeX 2.9\tex\latex\amsfonts\umsb.fd"
File: umsb.fd 2013/01/14 v3.01 AMS symbols B
)
Package babel Info: Redefining russian shorthand "|
(babel)             in language append on input line 40.
Package babel Info: Redefining russian shorthand "~
(babel)             in language append on input line 40.
Package babel Info: Redefining russian shorthand "|
(babel)             in language append on input line 40.
Package babel Info: Redefining russian shorthand "~
(babel)             in language append on input line 40.

[1




{C:/Users/Alex/AppData/Local/MiKTeX/2.9/pdftex/config/pdftex.map}])
\openout2 = `ToC.aux'.

 (ToC.tex
(report.toc)
\tf@toc=\write4
\openout4 = `report.toc'.

Package babel Info: Redefining russian shorthand "|
(babel)             in language append on input line 4.
Package babel Info: Redefining russian shorthand "~
(babel)             in language append on input line 4.
Package babel Info: Redefining russian shorthand "|
(babel)             in language append on input line 4.
Package babel Info: Redefining russian shorthand "~
(babel)             in language append on input line 4.
pdfTeX warning (ext4): destination with the same identifier (name{page.1}) has 
been already used, duplicate ignored
<to be read again> 
                   \relax 
l.4 \newpage
             [1


])
Package babel Info: Redefining russian shorthand "|
(babel)             in language append on input line 14.
Package babel Info: Redefining russian shorthand "~
(babel)             in language append on input line 14.
Package babel Info: Redefining russian shorthand "|
(babel)             in language append on input line 17.
Package babel Info: Redefining russian shorthand "~
(babel)             in language append on input line 17.
Package babel Info: Redefining russian shorthand "|
(babel)             in language append on input line 20.
Package babel Info: Redefining russian shorthand "~
(babel)             in language append on input line 20.
Package babel Info: Redefining russian shorthand "|
(babel)             in language append on input line 22.
Package babel Info: Redefining russian shorthand "~
(babel)             in language append on input line 22.

("C:\Users\Alex\AppData\Local\Programs\MiKTeX 2.9\tex\latex\ucs\uni-32.def"
File: uni-32.def 2013/05/13 UCS: Unicode data U+2000..U+20FF
)
Package babel Info: Redefining russian shorthand "|
(babel)             in language append on input line 29.
Package babel Info: Redefining russian shorthand "~
(babel)             in language append on input line 29.


Package hyperref Warning: Token not allowed in a PDF string (Unicode):
(hyperref)                removing `math shift' on input line 29.


Package hyperref Warning: Token not allowed in a PDF string (Unicode):
(hyperref)                removing `math shift' on input line 29.

Package babel Info: Redefining russian shorthand "|
(babel)             in language append on input line 32.
Package babel Info: Redefining russian shorthand "~
(babel)             in language append on input line 32.
Package babel Info: Redefining russian shorthand "|
(babel)             in language append on input line 33.
Package babel Info: Redefining russian shorthand "~
(babel)             in language append on input line 33.
Package babel Info: Redefining russian shorthand "|
(babel)             in language append on input line 35.
Package babel Info: Redefining russian shorthand "~
(babel)             in language append on input line 35.
Package babel Info: Redefining russian shorthand "|
(babel)             in language append on input line 35.
Package babel Info: Redefining russian shorthand "~
(babel)             in language append on input line 35.
[2

] <fig/spec_an_mod_theor.png, id=128, 541.27219pt x 441.90094pt>
File: fig/spec_an_mod_theor.png Graphic file (type png)

<use fig/spec_an_mod_theor.png>
Package pdftex.def Info: fig/spec_an_mod_theor.png used on input line 41.
(pdftex.def)             Requested size: 378.88794pt x 309.32854pt.
Package babel Info: Redefining russian shorthand "|
(babel)             in language append on input line 47.
Package babel Info: Redefining russian shorthand "~
(babel)             in language append on input line 47.

<fig/spec_an_mod_carrier_theor.png, id=131, 369.63094pt x 135.50626pt>
File: fig/spec_an_mod_carrier_theor.png Graphic file (type png)

<use fig/spec_an_mod_carrier_theor.png>
Package pdftex.def Info: fig/spec_an_mod_carrier_theor.png used on input line 5
5.
(pdftex.def)             Requested size: 258.73988pt x 94.85371pt.
Package babel Info: Redefining russian shorthand "|
(babel)             in language append on input line 60.
Package babel Info: Redefining russian shorthand "~
(babel)             in language append on input line 60.
Package babel Info: Redefining russian shorthand "|
(babel)             in language append on input line 60.
Package babel Info: Redefining russian shorthand "~
(babel)             in language append on input line 60.
 [3 <./fig/spec_an_mod_theor.png>]
Package babel Info: Redefining russian shorthand "|
(babel)             in language append on input line 61.
Package babel Info: Redefining russian shorthand "~
(babel)             in language append on input line 61.

<fig/spec_an_mod_singleband_theor.png, id=142, 459.21562pt x 209.28188pt>
File: fig/spec_an_mod_singleband_theor.png Graphic file (type png)

<use fig/spec_an_mod_singleband_theor.png>
Package pdftex.def Info: fig/spec_an_mod_singleband_theor.png used on input lin
e 71.
(pdftex.def)             Requested size: 321.44873pt x 146.49629pt.
Package babel Info: Redefining russian shorthand "|
(babel)             in language append on input line 77.
Package babel Info: Redefining russian shorthand "~
(babel)             in language append on input line 77.
Package babel Info: Redefining russian shorthand "|
(babel)             in language append on input line 83.
Package babel Info: Redefining russian shorthand "~
(babel)             in language append on input line 83.
Package babel Info: Redefining russian shorthand "|
(babel)             in language append on input line 83.
Package babel Info: Redefining russian shorthand "~
(babel)             in language append on input line 83.
 [4 <./fig/spec_an_mod_carrier_theor.png> <./fig/spec_an_mod_singleband_theor.p
ng>]
Package babel Info: Redefining russian shorthand "|
(babel)             in language append on input line 88.
Package babel Info: Redefining russian shorthand "~
(babel)             in language append on input line 88.
Package babel Info: Redefining russian shorthand "|
(babel)             in language append on input line 96.
Package babel Info: Redefining russian shorthand "~
(babel)             in language append on input line 96.
Package hyperref Info: bookmark level for unknown lstlisting defaults to 0 on i
nput line 101.
 (listings/Code_1.m
LaTeX Font Info:    Try loading font information for OMS+cmr on input line 5.

("C:\Users\Alex\AppData\Local\Programs\MiKTeX 2.9\tex\latex\base\omscmr.fd"
File: omscmr.fd 2014/09/29 v2.5h Standard LaTeX font definitions
)
LaTeX Font Info:    Font shape `OMS/cmr/m/n' in size <10> not available
(Font)              Font shape `OMS/cmsy/m/n' tried instead on input line 5.
Package babel Info: Redefining russian shorthand "|
(babel)             in language append on input line 28.
Package babel Info: Redefining russian shorthand "~
(babel)             in language append on input line 28.
Package babel Info: Redefining russian shorthand "|
(babel)             in language append on input line 28.
Package babel Info: Redefining russian shorthand "~
(babel)             in language append on input line 28.

[5])
Package babel Info: Redefining russian shorthand "|
(babel)             in language append on input line 104.
Package babel Info: Redefining russian shorthand "~
(babel)             in language append on input line 104.
 <fig/signal_one_tone.png, id=187, 624.08156pt x 315.42844pt>
File: fig/signal_one_tone.png Graphic file (type png)

<use fig/signal_one_tone.png>
Package pdftex.def Info: fig/signal_one_tone.png used on input line 108.
(pdftex.def)             Requested size: 436.85411pt x 220.79839pt.
Package babel Info: Redefining russian shorthand "|
(babel)             in language append on input line 112.
Package babel Info: Redefining russian shorthand "~
(babel)             in language append on input line 112.
Package babel Info: Redefining russian shorthand "|
(babel)             in language append on input line 112.
Package babel Info: Redefining russian shorthand "~
(babel)             in language append on input line 112.
 [6]
<fig/signal_one_tone_spec.png, id=252, 633.86812pt x 309.40594pt>
File: fig/signal_one_tone_spec.png Graphic file (type png)

<use fig/signal_one_tone_spec.png>
Package pdftex.def Info: fig/signal_one_tone_spec.png used on input line 116.
(pdftex.def)             Requested size: 443.70467pt x 216.58267pt.
Package babel Info: Redefining russian shorthand "|
(babel)             in language append on input line 122.
Package babel Info: Redefining russian shorthand "~
(babel)             in language append on input line 122.

<fig/signal_modulated_0_5.png, id=255, 665.48625pt x 291.33844pt>
File: fig/signal_modulated_0_5.png Graphic file (type png)

<use fig/signal_modulated_0_5.png>
Package pdftex.def Info: fig/signal_modulated_0_5.png used on input line 126.
(pdftex.def)             Requested size: 465.83719pt x 203.93552pt.
Package babel Info: Redefining russian shorthand "|
(babel)             in language append on input line 131.
Package babel Info: Redefining russian shorthand "~
(babel)             in language append on input line 131.
Package babel Info: Redefining russian shorthand "|
(babel)             in language append on input line 131.
Package babel Info: Redefining russian shorthand "~
(babel)             in language append on input line 131.
 [7 <./fig/signal_one_tone.png> <./fig/signal_one_tone_spec.png>]
<fig/mod_sig_spec_0_5.png, id=266, 535.2497pt x 314.67563pt>
File: fig/mod_sig_spec_0_5.png Graphic file (type png)

<use fig/mod_sig_spec_0_5.png>
Package pdftex.def Info: fig/mod_sig_spec_0_5.png used on input line 134.
(pdftex.def)             Requested size: 374.67223pt x 220.27142pt.

<fig/signal_modulated_0_2.png, id=267, 747.54282pt x 304.88907pt>
File: fig/signal_modulated_0_2.png Graphic file (type png)

<use fig/signal_modulated_0_2.png>
Package pdftex.def Info: fig/signal_modulated_0_2.png used on input line 146.
(pdftex.def)             Requested size: 523.27641pt x 213.42088pt.

Overfull \hbox (39.57954pt too wide) in paragraph at lines 146--147
 [] 
 []

<fig/mod_sig_spec_0_2.png, id=268, 518.6878pt x 310.91156pt>
File: fig/mod_sig_spec_0_2.png Graphic file (type png)

<use fig/mod_sig_spec_0_2.png>
Package pdftex.def Info: fig/mod_sig_spec_0_2.png used on input line 153.
(pdftex.def)             Requested size: 363.07898pt x 217.6366pt.
Package babel Info: Redefining russian shorthand "|
(babel)             in language append on input line 157.
Package babel Info: Redefining russian shorthand "~
(babel)             in language append on input line 157.
Package babel Info: Redefining russian shorthand "|
(babel)             in language append on input line 157.
Package babel Info: Redefining russian shorthand "~
(babel)             in language append on input line 157.
 [8 <./fig/signal_modulated_0_5.png> <./fig/mod_sig_spec_0_5.png>]
<fig/signal_modulated_1_0.png, id=275, 630.10406pt x 297.36093pt>
File: fig/signal_modulated_1_0.png Graphic file (type png)

<use fig/signal_modulated_1_0.png>
Package pdftex.def Info: fig/signal_modulated_1_0.png used on input line 162.
(pdftex.def)             Requested size: 441.06984pt x 208.15123pt.

<fig/mod_sig_spec_1_0.png, id=276, 542.77782pt x 311.66437pt>
File: fig/mod_sig_spec_1_0.png Graphic file (type png)

<use fig/mod_sig_spec_1_0.png>
Package pdftex.def Info: fig/mod_sig_spec_1_0.png used on input line 169.
(pdftex.def)             Requested size: 379.94188pt x 218.16356pt.
Package babel Info: Redefining russian shorthand "|
(babel)             in language append on input line 173.
Package babel Info: Redefining russian shorthand "~
(babel)             in language append on input line 173.
Package babel Info: Redefining russian shorthand "|
(babel)             in language append on input line 173.
Package babel Info: Redefining russian shorthand "~
(babel)             in language append on input line 173.
 [9 <./fig/signal_modulated_0_2.png> <./fig/mod_sig_spec_0_2.png>]
<fig/signal_modulated_2_0.png, id=285, 679.78969pt x 294.34969pt>
File: fig/signal_modulated_2_0.png Graphic file (type png)

<use fig/signal_modulated_2_0.png>
Package pdftex.def Info: fig/signal_modulated_2_0.png used on input line 178.
(pdftex.def)             Requested size: 475.84953pt x 206.04337pt.

<fig/mod_sig_spec_2_0.png, id=286, 652.68843pt x 311.66437pt>
File: fig/mod_sig_spec_2_0.png Graphic file (type png)

<use fig/mod_sig_spec_2_0.png>
Package pdftex.def Info: fig/mod_sig_spec_2_0.png used on input line 185.
(pdftex.def)             Requested size: 456.87878pt x 218.16356pt.
Package babel Info: Redefining russian shorthand "|
(babel)             in language append on input line 189.
Package babel Info: Redefining russian shorthand "~
(babel)             in language append on input line 189.
Package babel Info: Redefining russian shorthand "|
(babel)             in language append on input line 189.
Package babel Info: Redefining russian shorthand "~
(babel)             in language append on input line 189.
 [10 <./fig/signal_modulated_1_0.png> <./fig/mod_sig_spec_1_0.png>]
<fig/signal_modulated_5_0.png, id=295, 648.92438pt x 295.85532pt>
File: fig/signal_modulated_5_0.png Graphic file (type png)

<use fig/signal_modulated_5_0.png>
Package pdftex.def Info: fig/signal_modulated_5_0.png used on input line 194.
(pdftex.def)             Requested size: 454.24397pt x 207.0973pt.

<fig/mod_sig_spec_5_0.png, id=296, 553.31718pt x 310.91156pt>
File: fig/mod_sig_spec_5_0.png Graphic file (type png)

<use fig/mod_sig_spec_5_0.png>
Package pdftex.def Info: fig/mod_sig_spec_5_0.png used on input line 201.
(pdftex.def)             Requested size: 387.31938pt x 217.6366pt.
Package babel Info: Redefining russian shorthand "|
(babel)             in language append on input line 205.
Package babel Info: Redefining russian shorthand "~
(babel)             in language append on input line 205.
Package babel Info: Redefining russian shorthand "|
(babel)             in language append on input line 205.
Package babel Info: Redefining russian shorthand "~
(babel)             in language append on input line 205.
 [11 <./fig/signal_modulated_2_0.png> <./fig/mod_sig_spec_2_0.png>]
Package babel Info: Redefining russian shorthand "|
(babel)             in language append on input line 208.
Package babel Info: Redefining russian shorthand "~
(babel)             in language append on input line 208.

<fig/signal_mod_carrier.png, id=306, 645.91313pt x 309.40594pt>
File: fig/signal_mod_carrier.png Graphic file (type png)

<use fig/signal_mod_carrier.png>
Package pdftex.def Info: fig/signal_mod_carrier.png used on input line 212.
(pdftex.def)             Requested size: 452.13611pt x 216.58267pt.
Package babel Info: Redefining russian shorthand "|
(babel)             in language append on input line 217.
Package babel Info: Redefining russian shorthand "~
(babel)             in language append on input line 217.
Package babel Info: Redefining russian shorthand "|
(babel)             in language append on input line 217.
Package babel Info: Redefining russian shorthand "~
(babel)             in language append on input line 217.
 [12 <./fig/signal_modulated_5_0.png> <./fig/mod_sig_spec_5_0.png>]
Package babel Info: Redefining russian shorthand "|
(babel)             in language append on input line 219.
Package babel Info: Redefining russian shorthand "~
(babel)             in language append on input line 219.

<fig/signal_mod_singleband.png, id=318, 368.1253pt x 301.8778pt>
File: fig/signal_mod_singleband.png Graphic file (type png)

<use fig/signal_mod_singleband.png>
Package pdftex.def Info: fig/signal_mod_singleband.png used on input line 223.
(pdftex.def)             Requested size: 257.68596pt x 211.31302pt.
Package babel Info: Redefining russian shorthand "|
(babel)             in language append on input line 229.
Package babel Info: Redefining russian shorthand "~
(babel)             in language append on input line 229.

<fig/signal_mod_carrier_sinband_specs.png, id=320, 644.4075pt x 305.64188pt>
File: fig/signal_mod_carrier_sinband_specs.png Graphic file (type png)

<use fig/signal_mod_carrier_sinband_specs.png>
Package pdftex.def Info: fig/signal_mod_carrier_sinband_specs.png used on input
 line 233.
(pdftex.def)             Requested size: 451.08218pt x 213.94785pt.
Package babel Info: Redefining russian shorthand "|
(babel)             in language append on input line 237.
Package babel Info: Redefining russian shorthand "~
(babel)             in language append on input line 237.
Package babel Info: Redefining russian shorthand "|
(babel)             in language append on input line 237.
Package babel Info: Redefining russian shorthand "~
(babel)             in language append on input line 237.
 [13 <./fig/signal_mod_carrier.png> <./fig/signal_mod_singleband.png>]
Package babel Info: Redefining russian shorthand "|
(babel)             in language append on input line 240.
Package babel Info: Redefining russian shorthand "~
(babel)             in language append on input line 240.

<fig/sig_demod_0_2.png, id=328, 648.17157pt x 300.3722pt>
File: fig/sig_demod_0_2.png Graphic file (type png)

<use fig/sig_demod_0_2.png>
Package pdftex.def Info: fig/sig_demod_0_2.png used on input line 246.
(pdftex.def)             Requested size: 453.717pt x 210.2591pt.

<fig/sig_demod_0_5.png, id=329, 691.83469pt x 308.65312pt>
File: fig/sig_demod_0_5.png Graphic file (type png)

<use fig/sig_demod_0_5.png>
Package pdftex.def Info: fig/sig_demod_0_5.png used on input line 255.
(pdftex.def)             Requested size: 484.28098pt x 216.0557pt.

Overfull \hbox (0.5841pt too wide) in paragraph at lines 255--256
 [] 
 []

Package babel Info: Redefining russian shorthand "|
(babel)             in language append on input line 259.
Package babel Info: Redefining russian shorthand "~
(babel)             in language append on input line 259.
Package babel Info: Redefining russian shorthand "|
(babel)             in language append on input line 259.
Package babel Info: Redefining russian shorthand "~
(babel)             in language append on input line 259.
[14 <./fig/signal_mod_carrier_sinband_specs.png> <./fig/sig_demod_0_2.png>]
<fig/sig_demod_1_0.png, id=338, 618.05907pt x 299.61937pt>
File: fig/sig_demod_1_0.png Graphic file (type png)

<use fig/sig_demod_1_0.png>
Package pdftex.def Info: fig/sig_demod_1_0.png used on input line 264.
(pdftex.def)             Requested size: 432.6384pt x 209.73212pt.

<fig/sig_demod_2_0.png, id=339, 552.56438pt x 300.3722pt>
File: fig/sig_demod_2_0.png Graphic file (type png)

<use fig/sig_demod_2_0.png>
Package pdftex.def Info: fig/sig_demod_2_0.png used on input line 273.
(pdftex.def)             Requested size: 386.79242pt x 210.2591pt.
Package babel Info: Redefining russian shorthand "|
(babel)             in language append on input line 278.
Package babel Info: Redefining russian shorthand "~
(babel)             in language append on input line 278.
Package babel Info: Redefining russian shorthand "|
(babel)             in language append on input line 278.
Package babel Info: Redefining russian shorthand "~
(babel)             in language append on input line 278.
 [15 <./fig/sig_demod_0_5.png> <./fig/sig_demod_1_0.png>] <fig/sig_demod_5_0.pn
g, id=348, 744.53156pt x 307.1475pt>
File: fig/sig_demod_5_0.png Graphic file (type png)

<use fig/sig_demod_5_0.png>
Package pdftex.def Info: fig/sig_demod_5_0.png used on input line 282.
(pdftex.def)             Requested size: 521.16853pt x 215.00177pt.

Overfull \hbox (37.47166pt too wide) in paragraph at lines 282--283
 [] 
 []

<fig/sig_demod_spec_2_0.png, id=349, 673.01437pt x 310.15875pt>
File: fig/sig_demod_spec_2_0.png Graphic file (type png)

<use fig/sig_demod_spec_2_0.png>
Package pdftex.def Info: fig/sig_demod_spec_2_0.png used on input line 291.
(pdftex.def)             Requested size: 471.10684pt x 217.10963pt.
Package babel Info: Redefining russian shorthand "|
(babel)             in language append on input line 296.
Package babel Info: Redefining russian shorthand "~
(babel)             in language append on input line 296.
Package babel Info: Redefining russian shorthand "|
(babel)             in language append on input line 296.
Package babel Info: Redefining russian shorthand "~
(babel)             in language append on input line 296.
 [16 <./fig/sig_demod_2_0.png> <./fig/sig_demod_5_0.png>] <fig/sig_demod_spec_5
_0.png, id=358, 694.09312pt x 310.15875pt>
File: fig/sig_demod_spec_5_0.png Graphic file (type png)

<use fig/sig_demod_spec_5_0.png>
Package pdftex.def Info: fig/sig_demod_spec_5_0.png used on input line 301.
(pdftex.def)             Requested size: 485.86188pt x 217.10963pt.

Overfull \hbox (2.16501pt too wide) in paragraph at lines 301--302
 [] 
 []

Package babel Info: Redefining russian shorthand "|
(babel)             in language append on input line 308.
Package babel Info: Redefining russian shorthand "~
(babel)             in language append on input line 308.
<fig/Kpd_ampmod.png, id=360, 529.98pt x 417.81094pt>
File: fig/Kpd_ampmod.png Graphic file (type png)
 <use fig/Kpd_ampmod.png>
Package pdftex.def Info: fig/Kpd_ampmod.png used on input line 312.
(pdftex.def)             Requested size: 370.98346pt x 292.46567pt.
Package babel Info: Redefining russian shorthand "|
(babel)             in language append on input line 317.
Package babel Info: Redefining russian shorthand "~
(babel)             in language append on input line 317.
Package babel Info: Redefining russian shorthand "|
(babel)             in language append on input line 317.
Package babel Info: Redefining russian shorthand "~
(babel)             in language append on input line 317.

[17 <./fig/sig_demod_spec_2_0.png> <./fig/sig_demod_spec_5_0.png>]
Package babel Info: Redefining russian shorthand "|
(babel)             in language append on input line 318.
Package babel Info: Redefining russian shorthand "~
(babel)             in language append on input line 318.


Package caption Warning: Unused \captionsetup[table] on input line 65.
See the caption package documentation for explanation.

Package atveryend Info: Empty hook `BeforeClearDocument' on input line 325.
Package babel Info: Redefining russian shorthand "|
(babel)             in language append on input line 325.
Package babel Info: Redefining russian shorthand "~
(babel)             in language append on input line 325.
Package babel Info: Redefining russian shorthand "|
(babel)             in language append on input line 325.
Package babel Info: Redefining russian shorthand "~
(babel)             in language append on input line 325.
[18 <./fig/Kpd_ampmod.png>]
Package atveryend Info: Empty hook `AfterLastShipout' on input line 325.
 (report.aux (titlepage.aux) (ToC.aux))
Package atveryend Info: Executing hook `AtVeryEndDocument' on input line 325.
Package atveryend Info: Executing hook `AtEndAfterFileList' on input line 325.
Package rerunfilecheck Info: File `report.out' has not changed.
(rerunfilecheck)             Checksum: 07FCB7B8F4C70A69D796FA0FC1575812;5163.
Package atveryend Info: Empty hook `AtVeryVeryEnd' on input line 325.
 ) 
Here is how much of TeX's memory you used:
 15407 strings out of 493333
 221639 string characters out of 3130577
 428370 words of memory out of 3000000
 18558 multiletter control sequences out of 15000+200000
 19638 words of font info for 56 fonts, out of 3000000 for 9000
 1141 hyphenation exceptions out of 8191
 40i,6n,51p,1511b,1150s stack positions out of 5000i,500n,10000p,200000b,50000s
 <C:\Users\Alex\AppData\Local\MiKTeX\2.9\fonts\pk\ljfour\lh\lh-t2a\dpi600\lar
m1000.pk> <C:\Users\Alex\AppData\Local\MiKTeX\2.9\fonts\pk\ljfour\lh\lh-t2a\dpi
600\lati1200.pk> <C:\Users\Alex\AppData\Local\MiKTeX\2.9\fonts\pk\ljfour\unknow
n\unknown\dpi600\larm1200.pk> <C:\Users\Alex\AppData\Local\MiKTeX\2.9\fonts\pk\
ljfour\lh\lh-t2a\dpi600\labx1200.pk> <C:\Users\Alex\AppData\Local\MiKTeX\2.9\fo
nts\pk\ljfour\lh\lh-t2a\dpi600\labx1728.pk> <C:\Users\Alex\AppData\Local\MiKTeX
\2.9\fonts\pk\ljfour\lh\lh-t2a\dpi600\labx1440.pk> <C:\Users\Alex\AppData\Local
\MiKTeX\2.9\fonts\pk\ljfour\lh\lh-t2a\dpi600\larm2488.pk> <C:\Users\Alex\AppDat
a\Local\MiKTeX\2.9\fonts\pk\ljfour\lh\lh-t2a\dpi600\larm1440.pk><C:/Users/Alex/
AppData/Local/Programs/MiKTeX 2.9/fonts/type1/public/amsfonts/cm/cmex10.pfb><C:
/Users/Alex/AppData/Local/Programs/MiKTeX 2.9/fonts/type1/public/amsfonts/cm/cm
mi12.pfb><C:/Users/Alex/AppData/Local/Programs/MiKTeX 2.9/fonts/type1/public/am
sfonts/cm/cmmi8.pfb><C:/Users/Alex/AppData/Local/Programs/MiKTeX 2.9/fonts/type
1/public/amsfonts/cm/cmr12.pfb><C:/Users/Alex/AppData/Local/Programs/MiKTeX 2.9
/fonts/type1/public/amsfonts/cm/cmr8.pfb><C:/Users/Alex/AppData/Local/Programs/
MiKTeX 2.9/fonts/type1/public/amsfonts/cm/cmsy10.pfb>
Output written on report.pdf (19 pages, 1078197 bytes).
PDF statistics:
 827 PDF objects out of 1000 (max. 8388607)
 155 named destinations out of 1000 (max. 500000)
 291 words of extra memory for PDF output out of 10000 (max. 10000000)

